2001.10.12 19:54 B C:\Program Files\EasyPHP\www\claroline\phpbb\images\smiles\icon_biggrin.gif <-- labo /www/html/claroline/phpbb/images/smiles icon_biggrin.gif
2001.10.12 19:54 B C:\Program Files\EasyPHP\www\claroline\phpbb\images\smiles\icon_confused.gif <-- labo /www/html/claroline/phpbb/images/smiles icon_confused.gif
2001.10.12 19:54 B C:\Program Files\EasyPHP\www\claroline\phpbb\images\smiles\icon_cool.gif <-- labo /www/html/claroline/phpbb/images/smiles icon_cool.gif
2001.10.12 19:54 B C:\Program Files\EasyPHP\www\claroline\phpbb\images\smiles\icon_cry.gif <-- labo /www/html/claroline/phpbb/images/smiles icon_cry.gif
2001.10.12 19:54 B C:\Program Files\EasyPHP\www\claroline\phpbb\images\smiles\icon_eek.gif <-- labo /www/html/claroline/phpbb/images/smiles icon_eek.gif
2001.10.12 19:54 B C:\Program Files\EasyPHP\www\claroline\phpbb\images\smiles\icon_evil.gif <-- labo /www/html/claroline/phpbb/images/smiles icon_evil.gif
2001.10.12 19:54 B C:\Program Files\EasyPHP\www\claroline\phpbb\images\smiles\icon_frown.gif <-- labo /www/html/claroline/phpbb/images/smiles icon_frown.gif
2001.10.12 19:54 B C:\Program Files\EasyPHP\www\claroline\phpbb\images\smiles\icon_lol.gif <-- labo /www/html/claroline/phpbb/images/smiles icon_lol.gif
2001.10.12 19:54 B C:\Program Files\EasyPHP\www\claroline\phpbb\images\smiles\icon_mad.gif <-- labo /www/html/claroline/phpbb/images/smiles icon_mad.gif
2001.10.12 19:54 B C:\Program Files\EasyPHP\www\claroline\phpbb\images\smiles\icon_razz.gif <-- labo /www/html/claroline/phpbb/images/smiles icon_razz.gif
2001.10.12 19:54 B C:\Program Files\EasyPHP\www\claroline\phpbb\images\smiles\icon_redface.gif <-- labo /www/html/claroline/phpbb/images/smiles icon_redface.gif
2001.10.12 19:54 B C:\Program Files\EasyPHP\www\claroline\phpbb\images\smiles\icon_rolleyes.gif <-- labo /www/html/claroline/phpbb/images/smiles icon_rolleyes.gif
2001.10.12 19:54 B C:\Program Files\EasyPHP\www\claroline\phpbb\images\smiles\icon_smile.gif <-- labo /www/html/claroline/phpbb/images/smiles icon_smile.gif
2001.10.12 19:54 B C:\Program Files\EasyPHP\www\claroline\phpbb\images\smiles\icon_wink.gif <-- labo /www/html/claroline/phpbb/images/smiles icon_wink.gif
2001.10.12 21:16 B C:\Program Files\EasyPHP\www\claroline\phpbb\images\smiles\icon_biggrin.gif --> dev.icampus.ucl.ac.be /html/claroline/phpbb/images/smiles icon_biggrin.gif
2001.10.12 21:16 B C:\Program Files\EasyPHP\www\claroline\phpbb\images\smiles\icon_confused.gif --> dev.icampus.ucl.ac.be /html/claroline/phpbb/images/smiles icon_confused.gif
2001.10.12 21:17 B C:\Program Files\EasyPHP\www\claroline\phpbb\images\smiles\icon_cool.gif --> dev.icampus.ucl.ac.be /html/claroline/phpbb/images/smiles icon_cool.gif
2001.10.12 21:17 B C:\Program Files\EasyPHP\www\claroline\phpbb\images\smiles\icon_cry.gif --> dev.icampus.ucl.ac.be /html/claroline/phpbb/images/smiles icon_cry.gif
2001.10.12 21:17 B C:\Program Files\EasyPHP\www\claroline\phpbb\images\smiles\icon_eek.gif --> dev.icampus.ucl.ac.be /html/claroline/phpbb/images/smiles icon_eek.gif
2001.10.12 21:17 B C:\Program Files\EasyPHP\www\claroline\phpbb\images\smiles\icon_evil.gif --> dev.icampus.ucl.ac.be /html/claroline/phpbb/images/smiles icon_evil.gif
2001.10.12 21:17 B C:\Program Files\EasyPHP\www\claroline\phpbb\images\smiles\icon_frown.gif --> dev.icampus.ucl.ac.be /html/claroline/phpbb/images/smiles icon_frown.gif
2001.10.12 21:17 B C:\Program Files\EasyPHP\www\claroline\phpbb\images\smiles\icon_lol.gif --> dev.icampus.ucl.ac.be /html/claroline/phpbb/images/smiles icon_lol.gif
2001.10.12 21:17 B C:\Program Files\EasyPHP\www\claroline\phpbb\images\smiles\icon_mad.gif --> dev.icampus.ucl.ac.be /html/claroline/phpbb/images/smiles icon_mad.gif
2001.10.12 21:17 B C:\Program Files\EasyPHP\www\claroline\phpbb\images\smiles\icon_razz.gif --> dev.icampus.ucl.ac.be /html/claroline/phpbb/images/smiles icon_razz.gif
2001.10.12 21:17 B C:\Program Files\EasyPHP\www\claroline\phpbb\images\smiles\icon_redface.gif --> dev.icampus.ucl.ac.be /html/claroline/phpbb/images/smiles icon_redface.gif
2001.10.12 21:17 B C:\Program Files\EasyPHP\www\claroline\phpbb\images\smiles\icon_rolleyes.gif --> dev.icampus.ucl.ac.be /html/claroline/phpbb/images/smiles icon_rolleyes.gif
2001.10.12 21:17 B C:\Program Files\EasyPHP\www\claroline\phpbb\images\smiles\icon_smile.gif --> dev.icampus.ucl.ac.be /html/claroline/phpbb/images/smiles icon_smile.gif
2001.10.12 21:17 B C:\Program Files\EasyPHP\www\claroline\phpbb\images\smiles\icon_wink.gif --> dev.icampus.ucl.ac.be /html/claroline/phpbb/images/smiles icon_wink.gif
2002.01.22 13:52 B C:\Program Files\EasyPHP\www\claroline\phpbb\images\smiles\WS_FTP.LOG <-- CDROM.Com /www/html/claroline/phpbb/images/smiles WS_FTP.LOG
2002.01.24 11:04 B C:\Program Files\EasyPHP\www\claroline\phpbb\images\smiles\icon_biggrin.gif --> labo.icampus.ucl.ac.be /www/html/claroline/phpbb/images/smiles icon_biggrin.gif
2002.01.24 11:04 B C:\Program Files\EasyPHP\www\claroline\phpbb\images\smiles\icon_confused.gif --> labo.icampus.ucl.ac.be /www/html/claroline/phpbb/images/smiles icon_confused.gif
2002.01.24 11:04 B C:\Program Files\EasyPHP\www\claroline\phpbb\images\smiles\icon_cool.gif --> labo.icampus.ucl.ac.be /www/html/claroline/phpbb/images/smiles icon_cool.gif
2002.01.24 11:04 B C:\Program Files\EasyPHP\www\claroline\phpbb\images\smiles\icon_cry.gif --> labo.icampus.ucl.ac.be /www/html/claroline/phpbb/images/smiles icon_cry.gif
2002.01.24 11:04 B C:\Program Files\EasyPHP\www\claroline\phpbb\images\smiles\icon_eek.gif --> labo.icampus.ucl.ac.be /www/html/claroline/phpbb/images/smiles icon_eek.gif
2002.01.24 11:04 B C:\Program Files\EasyPHP\www\claroline\phpbb\images\smiles\icon_evil.gif --> labo.icampus.ucl.ac.be /www/html/claroline/phpbb/images/smiles icon_evil.gif
2002.01.24 11:04 B C:\Program Files\EasyPHP\www\claroline\phpbb\images\smiles\icon_frown.gif --> labo.icampus.ucl.ac.be /www/html/claroline/phpbb/images/smiles icon_frown.gif
2002.01.24 11:04 B C:\Program Files\EasyPHP\www\claroline\phpbb\images\smiles\icon_lol.gif --> labo.icampus.ucl.ac.be /www/html/claroline/phpbb/images/smiles icon_lol.gif
2002.01.24 11:04 B C:\Program Files\EasyPHP\www\claroline\phpbb\images\smiles\icon_mad.gif --> labo.icampus.ucl.ac.be /www/html/claroline/phpbb/images/smiles icon_mad.gif
2002.01.24 11:04 B C:\Program Files\EasyPHP\www\claroline\phpbb\images\smiles\icon_razz.gif --> labo.icampus.ucl.ac.be /www/html/claroline/phpbb/images/smiles icon_razz.gif
2002.01.24 11:04 B C:\Program Files\EasyPHP\www\claroline\phpbb\images\smiles\icon_redface.gif --> labo.icampus.ucl.ac.be /www/html/claroline/phpbb/images/smiles icon_redface.gif
2002.01.24 11:04 B C:\Program Files\EasyPHP\www\claroline\phpbb\images\smiles\icon_rolleyes.gif --> labo.icampus.ucl.ac.be /www/html/claroline/phpbb/images/smiles icon_rolleyes.gif
2002.01.24 11:04 B C:\Program Files\EasyPHP\www\claroline\phpbb\images\smiles\icon_smile.gif --> labo.icampus.ucl.ac.be /www/html/claroline/phpbb/images/smiles icon_smile.gif
2002.01.24 11:04 B C:\Program Files\EasyPHP\www\claroline\phpbb\images\smiles\icon_wink.gif --> labo.icampus.ucl.ac.be /www/html/claroline/phpbb/images/smiles icon_wink.gif
